Start testing: May 09 22:39 Russia TZ 2 Standard Time
----------------------------------------------------------
1/3 Testing: BoundingRectTest
1/3 Test: BoundingRectTest
Command: "C:/Users/Judy Banda/Git-labs/cmake_lab/build/tests/Debug/test_bounding_rect.exe"
Directory: C:/Users/Judy Banda/Git-labs/cmake_lab/build/tests
"BoundingRectTest" start time: May 09 22:39 Russia TZ 2 Standard Time
Output:
----------------------------------------------------------
Parameterized constructor called for 000000114310FD38
Parameterized constructor called for 000000114310FD68
Parameterized constructor called for 000000114310FCA8
Default constructor called for 000000114310FCA8
Copy constructor called for 000000114310FD98 from 000000114310FCA8
Destructor called for 000000114310FCA8
PASSED: all operations methods are working
Destructor called for 000000114310FD98
Destructor called for 000000114310FD68
Destructor called for 000000114310FD38
<end of output>
Test time =   0.03 sec
----------------------------------------------------------
Test Passed.
"BoundingRectTest" end time: May 09 22:39 Russia TZ 2 Standard Time
"BoundingRectTest" time elapsed: 00:00:00
----------------------------------------------------------

2/3 Testing: RectBasicTest
2/3 Test: RectBasicTest
Command: "C:/Users/Judy Banda/Git-labs/cmake_lab/build/tests/Debug/test_rect_basic.exe"
Directory: C:/Users/Judy Banda/Git-labs/cmake_lab/build/tests
"RectBasicTest" start time: May 09 22:39 Russia TZ 2 Standard Time
Output:
----------------------------------------------------------
Parameterized constructor called for 0000002C3EEFFA88
PASSED: all property methods are working
Destructor called for 0000002C3EEFFA88
<end of output>
Test time =   0.03 sec
----------------------------------------------------------
Test Passed.
"RectBasicTest" end time: May 09 22:39 Russia TZ 2 Standard Time
"RectBasicTest" time elapsed: 00:00:00
----------------------------------------------------------

3/3 Testing: RectOperationsTest
3/3 Test: RectOperationsTest
Command: "C:/Users/Judy Banda/Git-labs/cmake_lab/build/tests/Debug/test_rect_operations.exe"
Directory: C:/Users/Judy Banda/Git-labs/cmake_lab/build/tests
"RectOperationsTest" start time: May 09 22:39 Russia TZ 2 Standard Time
Output:
----------------------------------------------------------
Parameterized constructor called for 00000007618FF918
Default constructor called for 00000007618FF918
PASSED: all operations methods are working
Destructor called for 00000007618FF918
<end of output>
Test time =   0.03 sec
----------------------------------------------------------
Test Passed.
"RectOperationsTest" end time: May 09 22:39 Russia TZ 2 Standard Time
"RectOperationsTest" time elapsed: 00:00:00
----------------------------------------------------------

End testing: May 09 22:39 Russia TZ 2 Standard Time
